<?xml version="1.0" encoding="UTF-8"?>
<!-- Generated by org.testng.reporters.JUnitXMLReporter -->
<testsuite ignored="0" hostname="DESKTOP-5B2A0L0" failures="1" tests="2" name="Test" time="78.86" errors="0" timestamp="2023-02-05T21:24:29 IST">
  <testcase classname="implementation.A_Flipkarttest" name="AFlipkarttest" time="24.601">
    <failure type="org.openqa.selenium.NoSuchElementException" message="An element could not be located on the page using the given search parameters.
For documentation on this error, please visit: https://www.seleniumhq.org/exceptions/no_such_element.html
Build info: version: &amp;apos;3.141.59&amp;apos;, revision: &amp;apos;e82be7d358&amp;apos;, time: &amp;apos;2018-11-14T08:17:03&amp;apos;
System info: host: &amp;apos;DESKTOP-5B2A0L0&amp;apos;, ip: &amp;apos;192.168.0.102&amp;apos;, os.name: &amp;apos;Windows 10&amp;apos;, os.arch: &amp;apos;amd64&amp;apos;, os.version: &amp;apos;10.0&amp;apos;, java.version: &amp;apos;15.0.2&amp;apos;
Driver info: io.appium.java_client.android.AndroidDriver
Capabilities {appActivity: com.flipkart.android.Splash..., appPackage: com.flipkart.android, databaseEnabled: false, desired: {appActivity: com.flipkart.android.Splash..., appPackage: com.flipkart.android, deviceName: LVRWJNQWNJUOWS55, ignoreHiddenApiPolicyError: true, noReset: true, plateformName: ANDROID, platformName: android}, deviceApiLevel: 27, deviceManufacturer: vivo, deviceModel: vivo 1803, deviceName: LVRWJNQWNJUOWS55, deviceScreenDensity: 320, deviceScreenSize: 720x1520, deviceUDID: LVRWJNQWNJUOWS55, ignoreHiddenApiPolicyError: true, javascriptEnabled: true, locationContextEnabled: false, networkConnectionEnabled: true, noReset: true, pixelRatio: 2, plateformName: ANDROID, platform: LINUX, platformName: Android, platformVersion: 8.1.0, statBarHeight: 64, takesScreenshot: true, viewportRect: {height: 1372, left: 0, top: 64, width: 720}, warnings: {}, webStorageEnabled: false}
Session ID: 1573b485-99ee-468f-bc16-8c8cbcb9480c
*** Element info: {Using=xpath, value=//android.widget.TextView[@text=&amp;apos;Infinix HOT 20 Play (Fantasy Purple, 64 GB)&amp;apos;]}">
      <![CDATA[org.openqa.selenium.NoSuchElementException: An element could not be located on the page using the given search parameters.
For documentation on this error, please visit: https://www.seleniumhq.org/exceptions/no_such_element.html
Build info: version: '3.141.59', revision: 'e82be7d358', time: '2018-11-14T08:17:03'
System info: host: 'DESKTOP-5B2A0L0', ip: '192.168.0.102', os.name: 'Windows 10', os.arch: 'amd64', os.version: '10.0', java.version: '15.0.2'
Driver info: io.appium.java_client.android.AndroidDriver
Capabilities {appActivity: com.flipkart.android.Splash..., appPackage: com.flipkart.android, databaseEnabled: false, desired: {appActivity: com.flipkart.android.Splash..., appPackage: com.flipkart.android, deviceName: LVRWJNQWNJUOWS55, ignoreHiddenApiPolicyError: true, noReset: true, plateformName: ANDROID, platformName: android}, deviceApiLevel: 27, deviceManufacturer: vivo, deviceModel: vivo 1803, deviceName: LVRWJNQWNJUOWS55, deviceScreenDensity: 320, deviceScreenSize: 720x1520, deviceUDID: LVRWJNQWNJUOWS55, ignoreHiddenApiPolicyError: true, javascriptEnabled: true, locationContextEnabled: false, networkConnectionEnabled: true, noReset: true, pixelRatio: 2, plateformName: ANDROID, platform: LINUX, platformName: Android, platformVersion: 8.1.0, statBarHeight: 64, takesScreenshot: true, viewportRect: {height: 1372, left: 0, top: 64, width: 720}, warnings: {}, webStorageEnabled: false}
Session ID: 1573b485-99ee-468f-bc16-8c8cbcb9480c
*** Element info: {Using=xpath, value=//android.widget.TextView[@text='Infinix HOT 20 Play (Fantasy Purple, 64 GB)']}
at org.openqa.selenium.remote.http.W3CHttpResponseCodec.createException(W3CHttpResponseCodec.java:187)
at org.openqa.selenium.remote.http.W3CHttpResponseCodec.decode(W3CHttpResponseCodec.java:122)
at org.openqa.selenium.remote.http.W3CHttpResponseCodec.decode(W3CHttpResponseCodec.java:49)
at org.openqa.selenium.remote.HttpCommandExecutor.execute(HttpCommandExecutor.java:158)
at io.appium.java_client.remote.AppiumCommandExecutor.execute(AppiumCommandExecutor.java:239)
at org.openqa.selenium.remote.RemoteWebDriver.execute(RemoteWebDriver.java:552)
at io.appium.java_client.DefaultGenericMobileDriver.execute(DefaultGenericMobileDriver.java:41)
at io.appium.java_client.AppiumDriver.execute(AppiumDriver.java:1)
at io.appium.java_client.android.AndroidDriver.execute(AndroidDriver.java:1)
at org.openqa.selenium.remote.RemoteWebDriver.findElement(RemoteWebDriver.java:323)
at io.appium.java_client.DefaultGenericMobileDriver.findElement(DefaultGenericMobileDriver.java:61)
at io.appium.java_client.AppiumDriver.findElement(AppiumDriver.java:1)
at io.appium.java_client.android.AndroidDriver.findElement(AndroidDriver.java:1)
at org.openqa.selenium.remote.RemoteWebDriver.findElementByXPath(RemoteWebDriver.java:428)
at io.appium.java_client.DefaultGenericMobileDriver.findElementByXPath(DefaultGenericMobileDriver.java:151)
at io.appium.java_client.AppiumDriver.findElementByXPath(AppiumDriver.java:1)
at io.appium.java_client.android.AndroidDriver.findElementByXPath(AndroidDriver.java:1)
at org.openqa.selenium.By$ByXPath.findElement(By.java:353)
at org.openqa.selenium.remote.RemoteWebDriver.findElement(RemoteWebDriver.java:315)
at io.appium.java_client.DefaultGenericMobileDriver.findElement(DefaultGenericMobileDriver.java:57)
at io.appium.java_client.AppiumDriver.findElement(AppiumDriver.java:1)
at io.appium.java_client.android.AndroidDriver.findElement(AndroidDriver.java:1)
at PageObjectModel.flipkartPageLocator.GetFirstSearchResult(flipkartPageLocator.java:26)
at implementation.A_Flipkarttest.AFlipkarttest(A_Flipkarttest.java:19)
at java.base/java.util.ArrayList.forEach(ArrayList.java:1511)
... Removed 32 stack frames]]>
    </failure>
  </testcase> <!-- AFlipkarttest -->
  <testcase classname="implementation.B_LogOut" name="BLogOut" time="1.346"/>
</testsuite> <!-- Test -->
